<?xml version="1.0" encoding="UTF-8"?>
<!-- Generated by org.testng.reporters.JUnitReportReporter -->
<testsuite skipped="0" hostname="DESKTOP-GI36MBF" name="com.runner.ZooplaRunner" tests="1" failures="0" timestamp="21 Aug 2020 20:22:09 GMT" time="26.190" errors="0">
  <testcase name="runScenario" time="26.190" classname="com.runner.ZooplaRunner"/>
</testsuite> <!-- com.runner.ZooplaRunner -->
