<?xml version="1.0" encoding="UTF-8"?>
<!-- Generated by org.testng.reporters.JUnitReportReporter -->
<testsuite skipped="0" hostname="DESKTOP-GI36MBF" name="com.smoke.test.SmokeTest" tests="2" failures="0" timestamp="21 Aug 2020 03:53:13 GMT" time="14.400" errors="0">
  <testcase name="test" time="4.165" classname="com.smoke.test.SmokeTest"/>
  <testcase name="test2" time="10.235" classname="com.smoke.test.SmokeTest"/>
</testsuite> <!-- com.smoke.test.SmokeTest -->
