<?xml version="1.0" encoding="UTF-8"?>
<!-- Generated by org.testng.reporters.JUnitReportReporter -->
<testsuite skipped="0" hostname="DESKTOP-GI36MBF" name="com.runner.ZooplaRunner" tests="1" failures="0" timestamp="22 Aug 2020 02:25:16 GMT" time="23.827" errors="0">
  <testcase name="runScenario" time="23.827" classname="com.runner.ZooplaRunner"/>
</testsuite> <!-- com.runner.ZooplaRunner -->
